DEBUG    2022-07-12 12:44:04,582: diff parser start
DEBUG    2022-07-12 12:44:04,583: line_lengths old: 23; new: 1
DEBUG    2022-07-12 12:44:04,583: -> code[replace] old[1:23] new[1:1]
DEBUG    2022-07-12 12:44:04,584: parse_part from 1 to 1 (to 0 in part parser)
DEBUG    2022-07-12 12:44:04,584: diff parser end
DEBUG    2022-07-12 12:45:36,128: diff parser start
DEBUG    2022-07-12 12:45:36,129: line_lengths old: 1; new: 1
DEBUG    2022-07-12 12:45:36,129: -> code[replace] old[1:1] new[1:1]
DEBUG    2022-07-12 12:45:36,130: parse_part from 1 to 1 (to 0 in part parser)
DEBUG    2022-07-12 12:45:36,130: diff parser end
DEBUG    2022-07-12 12:47:01,680: diff parser start
DEBUG    2022-07-12 12:47:01,680: line_lengths old: 1; new: 1
DEBUG    2022-07-12 12:47:01,680: -> code[replace] old[1:1] new[1:1]
DEBUG    2022-07-12 12:47:01,680: parse_part from 1 to 1 (to 0 in part parser)
DEBUG    2022-07-12 12:47:01,680: diff parser end
DEBUG    2022-07-12 12:47:10,404: diff parser start
DEBUG    2022-07-12 12:47:10,405: line_lengths old: 1; new: 1
DEBUG    2022-07-12 12:47:10,405: -> code[replace] old[1:1] new[1:1]
DEBUG    2022-07-12 12:47:10,405: parse_part from 1 to 1 (to 0 in part parser)
DEBUG    2022-07-12 12:47:10,406: diff parser end
DEBUG    2022-07-12 12:47:45,874: diff parser start
DEBUG    2022-07-12 12:47:45,874: line_lengths old: 1; new: 3
DEBUG    2022-07-12 12:47:45,875: -> code[replace] old[1:1] new[1:3]
DEBUG    2022-07-12 12:47:45,875: parse_part from 1 to 3 (to 2 in part parser)
DEBUG    2022-07-12 12:47:45,875: diff parser end
DEBUG    2022-07-12 14:41:34,975: diff parser start
DEBUG    2022-07-12 14:41:34,979: line_lengths old: 3; new: 1
DEBUG    2022-07-12 14:41:34,979: -> code[replace] old[1:3] new[1:1]
DEBUG    2022-07-12 14:41:34,983: parse_part from 1 to 1 (to 0 in part parser)
DEBUG    2022-07-12 14:41:34,983: diff parser end
DEBUG    2022-07-12 14:41:48,205: diff parser start
DEBUG    2022-07-12 14:41:48,205: line_lengths old: 1; new: 1
DEBUG    2022-07-12 14:41:48,205: -> code[replace] old[1:1] new[1:1]
DEBUG    2022-07-12 14:41:48,209: parse_part from 1 to 1 (to 0 in part parser)
DEBUG    2022-07-12 14:41:48,209: diff parser end
DEBUG    2022-07-12 14:41:48,284: pickle loaded: C:\Users\sjordan\Anaconda3\envs\pangeo\lib\site-packages\jedi\third_party\typeshed\stdlib\3\builtins.pyi
DEBUG    2022-07-12 14:46:06,587: diff parser start
DEBUG    2022-07-12 14:46:06,589: line_lengths old: 1; new: 2
DEBUG    2022-07-12 14:46:06,589: -> code[replace] old[1:1] new[1:2]
DEBUG    2022-07-12 14:46:06,590: parse_part from 1 to 2 (to 1 in part parser)
DEBUG    2022-07-12 14:46:06,590: diff parser end
DEBUG    2022-07-12 15:16:39,050: diff parser start
DEBUG    2022-07-12 15:16:39,050: line_lengths old: 2; new: 1
DEBUG    2022-07-12 15:16:39,051: -> code[replace] old[1:2] new[1:1]
DEBUG    2022-07-12 15:16:39,056: parse_part from 1 to 1 (to 0 in part parser)
DEBUG    2022-07-12 15:16:39,057: diff parser end
DEBUG    2022-07-12 15:54:25,280: diff parser start
DEBUG    2022-07-12 15:54:25,281: line_lengths old: 1; new: 1
DEBUG    2022-07-12 15:54:25,281: -> code[replace] old[1:1] new[1:1]
DEBUG    2022-07-12 15:54:25,282: parse_part from 1 to 1 (to 0 in part parser)
DEBUG    2022-07-12 15:54:25,282: diff parser end
DEBUG    2022-07-12 15:54:49,514: diff parser start
DEBUG    2022-07-12 15:54:49,514: line_lengths old: 1; new: 1
DEBUG    2022-07-12 15:54:49,514: -> code[replace] old[1:1] new[1:1]
DEBUG    2022-07-12 15:54:49,514: parse_part from 1 to 1 (to 0 in part parser)
DEBUG    2022-07-12 15:54:49,515: diff parser end
DEBUG    2022-07-12 15:54:57,231: diff parser start
DEBUG    2022-07-12 15:54:57,231: line_lengths old: 1; new: 1
DEBUG    2022-07-12 15:54:57,231: -> code[replace] old[1:1] new[1:1]
DEBUG    2022-07-12 15:54:57,231: parse_part from 1 to 1 (to 0 in part parser)
DEBUG    2022-07-12 15:54:57,231: diff parser end
DEBUG    2022-07-12 15:55:05,758: diff parser start
DEBUG    2022-07-12 15:55:05,758: line_lengths old: 1; new: 1
DEBUG    2022-07-12 15:55:05,759: -> code[replace] old[1:1] new[1:1]
DEBUG    2022-07-12 15:55:05,759: parse_part from 1 to 1 (to 0 in part parser)
DEBUG    2022-07-12 15:55:05,759: diff parser end
DEBUG    2022-07-12 16:00:20,317: diff parser start
DEBUG    2022-07-12 16:00:20,318: line_lengths old: 1; new: 1
DEBUG    2022-07-12 16:00:20,318: -> code[replace] old[1:1] new[1:1]
DEBUG    2022-07-12 16:00:20,319: parse_part from 1 to 1 (to 0 in part parser)
DEBUG    2022-07-12 16:00:20,319: diff parser end
DEBUG    2022-07-12 16:05:29,165: diff parser start
DEBUG    2022-07-12 16:05:29,166: line_lengths old: 1; new: 1
DEBUG    2022-07-12 16:05:29,166: -> code[replace] old[1:1] new[1:1]
DEBUG    2022-07-12 16:05:29,166: parse_part from 1 to 1 (to 0 in part parser)
DEBUG    2022-07-12 16:05:29,166: diff parser end
DEBUG    2022-07-12 16:05:42,479: diff parser start
DEBUG    2022-07-12 16:05:42,480: line_lengths old: 1; new: 1
DEBUG    2022-07-12 16:05:42,480: -> code[replace] old[1:1] new[1:1]
DEBUG    2022-07-12 16:05:42,480: parse_part from 1 to 1 (to 0 in part parser)
DEBUG    2022-07-12 16:05:42,480: diff parser end
DEBUG    2022-07-12 16:06:14,230: diff parser start
DEBUG    2022-07-12 16:06:14,231: line_lengths old: 1; new: 1
DEBUG    2022-07-12 16:06:14,231: -> code[replace] old[1:1] new[1:1]
DEBUG    2022-07-12 16:06:14,231: parse_part from 1 to 1 (to 0 in part parser)
DEBUG    2022-07-12 16:06:14,231: diff parser end
DEBUG    2022-07-12 16:06:14,297: pickle loaded: C:\Users\sjordan\Anaconda3\envs\pangeo\lib\site-packages\xarray\core\dataset.py
DEBUG    2022-07-12 16:06:14,330: pickle loaded: C:\Users\sjordan\Anaconda3\envs\pangeo\lib\site-packages\xarray\__init__.py
DEBUG    2022-07-12 16:06:14,333: pickle loaded: C:\Users\sjordan\Anaconda3\envs\pangeo\lib\site-packages\xarray\core\__init__.py
DEBUG    2022-07-12 16:06:14,347: pickle loaded: C:\Users\sjordan\Anaconda3\envs\pangeo\lib\site-packages\xarray\core\common.py
DEBUG    2022-07-12 16:06:14,394: pickle loaded: C:\Users\sjordan\Anaconda3\envs\pangeo\lib\site-packages\xarray\core\arithmetic.py
DEBUG    2022-07-12 16:06:14,778: pickle loaded: C:\Users\sjordan\Anaconda3\envs\pangeo\lib\site-packages\xarray\core\ops.py
DEBUG    2022-07-12 16:06:14,794: pickle loaded: C:\Users\sjordan\Anaconda3\envs\pangeo\lib\site-packages\xarray\core\_typed_ops.py
DEBUG    2022-07-12 16:06:14,794: pickle loaded: C:\Users\sjordan\Anaconda3\envs\pangeo\lib\site-packages\xarray\core\_typed_ops.pyi
DEBUG    2022-07-12 16:06:14,830: pickle loaded: C:\Users\sjordan\Anaconda3\envs\pangeo\lib\typing.py
DEBUG    2022-07-12 16:06:14,843: pickle loaded: C:\Users\sjordan\Anaconda3\envs\pangeo\lib\site-packages\jedi\third_party\typeshed\stdlib\3\typing.pyi
DEBUG    2022-07-12 16:06:14,900: pickle loaded: C:\Users\sjordan\Anaconda3\envs\pangeo\lib\site-packages\xarray\core\dataarray.py
DEBUG    2022-07-12 16:06:14,967: pickle loaded: C:\Users\sjordan\Anaconda3\envs\pangeo\lib\site-packages\xarray\core\variable.py
DEBUG    2022-07-12 16:06:15,013: pickle loaded: C:\Users\sjordan\Anaconda3\envs\pangeo\lib\abc.py
DEBUG    2022-07-12 16:06:15,013: pickle loaded: C:\Users\sjordan\Anaconda3\envs\pangeo\lib\site-packages\jedi\third_party\typeshed\stdlib\3\abc.pyi
